<?xml version="1.0" encoding="UTF-8"?>
<!-- Generated by org.testng.reporters.JUnitReportReporter -->
<testsuite hostname="DELL" name="com.javaLive.springmvc.controller.AppControllerTest" tests="10" failures="0" timestamp="29 Mar 2021 14:46:51 GMT" time="0.342" errors="0">
  <testcase name="saveEmployeeWithSuccess" time="0.011" classname="com.javaLive.springmvc.controller.AppControllerTest"/>
  <testcase name="newEmployee" time="0.007" classname="com.javaLive.springmvc.controller.AppControllerTest"/>
  <testcase name="saveEmployeeWithValidationError" time="0.014" classname="com.javaLive.springmvc.controller.AppControllerTest"/>
  <testcase name="updateEmployeeWithValidationError" time="0.005" classname="com.javaLive.springmvc.controller.AppControllerTest"/>
  <testcase name="saveEmployeeWithValidationErrorNonUniqueSSN" time="0.011" classname="com.javaLive.springmvc.controller.AppControllerTest"/>
  <testcase name="deleteEmployee" time="0.070" classname="com.javaLive.springmvc.controller.AppControllerTest"/>
  <testcase name="listEmployees" time="0.058" classname="com.javaLive.springmvc.controller.AppControllerTest"/>
  <testcase name="updateEmployeeWithSuccess" time="0.006" classname="com.javaLive.springmvc.controller.AppControllerTest"/>
  <testcase name="editEmployee" time="0.149" classname="com.javaLive.springmvc.controller.AppControllerTest"/>
  <testcase name="updateEmployeeWithValidationErrorNonUniqueSSN" time="0.011" classname="com.javaLive.springmvc.controller.AppControllerTest"/>
</testsuite> <!-- com.javaLive.springmvc.controller.AppControllerTest -->
